<?xml version="1.0" encoding="UTF-8"?>
<!-- Generated by org.testng.reporters.JUnitXMLReporter -->
<testsuite ignored="0" hostname="CEQ-ICT-LAPTOP-245" failures="0" tests="5" name="Test(failed)" time="49.357" errors="0" timestamp="30 Jun 2024 12:55:59 GMT">
  <testcase classname="TestClass.BaseClass" name="@BeforeMethod signintofinops" time="20.161">
    <failure type="org.openqa.selenium.TimeoutException" message="Expected condition failed: waiting for visibility of element located by By.xpath: //input[@name=&amp;apos;email&amp;apos;] (tried for 20 second(s) with 500 milliseconds interval)">
      <![CDATA[org.openqa.selenium.TimeoutException: Expected condition failed: waiting for visibility of element located by By.xpath: //input[@name='email'] (tried for 20 second(s) with 500 milliseconds interval)
at org.openqa.selenium.support.ui.WebDriverWait.timeoutException(WebDriverWait.java:87)
at org.openqa.selenium.support.ui.FluentWait.until(FluentWait.java:231)
at Utilities.ReuseMethods.entertextbysendkeys(ReuseMethods.java:168)
at PageClass.SignInPage.enteremailid(SignInPage.java:17)
at TestClass.BaseClass.signintofinops(BaseClass.java:47)
Caused by: org.openqa.selenium.NoSuchWindowException: no such window: target window already closed
from unknown error: web view not found
  (Session info: chrome=126.0.6478.127)
Build info: version: '4.5.0', revision: 'fe167b119a'
System info: os.name: 'Windows 11', os.arch: 'amd64', os.version: '10.0', java.version: '22.0.1'
Driver info: org.openqa.selenium.chrome.ChromeDriver
Command: [7e6c944b8c0d700f858e3847e60c97a9, findElement {using=xpath, value=//input[@name='email']}]
Capabilities {acceptInsecureCerts: false, browserName: chrome, browserVersion: 126.0.6478.127, chrome: {chromedriverVersion: 125.0.6422.141 (4b1e8393712..., userDataDir: C:\Users\BALKRU~1\AppData\L...}, fedcm:accounts: true, goog:chromeOptions: {debuggerAddress: localhost:63564}, networkConnectionEnabled: false, pageLoadStrategy: normal, platformName: WINDOWS, proxy: Proxy(), se:cdp: ws://localhost:63564/devtoo..., se:cdpVersion: 126.0.6478.127, setWindowRect: true, strictFileInteractability: false, timeouts: {implicit: 0, pageLoad: 300000, script: 30000}, unhandledPromptBehavior: dismiss and notify, webauthn:extension:credBlob: true, webauthn:extension:largeBlob: true, webauthn:extension:minPinLength: true, webauthn:extension:prf: true, webauthn:virtualAuthenticators: true}
Session ID: 7e6c944b8c0d700f858e3847e60c97a9
at org.openqa.selenium.remote.codec.w3c.W3CHttpResponseCodec.createException(W3CHttpResponseCodec.java:200)
at org.openqa.selenium.remote.codec.w3c.W3CHttpResponseCodec.decode(W3CHttpResponseCodec.java:133)
at org.openqa.selenium.remote.codec.w3c.W3CHttpResponseCodec.decode(W3CHttpResponseCodec.java:53)
at org.openqa.selenium.remote.HttpCommandExecutor.execute(HttpCommandExecutor.java:184)
at org.openqa.selenium.remote.service.DriverCommandExecutor.invokeExecute(DriverCommandExecutor.java:167)
at org.openqa.selenium.remote.service.DriverCommandExecutor.execute(DriverCommandExecutor.java:142)
at org.openqa.selenium.remote.RemoteWebDriver.execute(RemoteWebDriver.java:547)
at org.openqa.selenium.remote.ElementLocation$ElementFinder$2.findElement(ElementLocation.java:162)
at org.openqa.selenium.remote.ElementLocation.findElement(ElementLocation.java:60)
at org.openqa.selenium.remote.RemoteWebDriver.findElement(RemoteWebDriver.java:365)
at org.openqa.selenium.remote.RemoteWebDriver.findElement(RemoteWebDriver.java:357)
at org.openqa.selenium.support.ui.ExpectedConditions$7.apply(ExpectedConditions.java:197)
at org.openqa.selenium.support.ui.ExpectedConditions$7.apply(ExpectedConditions.java:193)
at org.openqa.selenium.support.ui.FluentWait.until(FluentWait.java:208)
... 29 more
... Removed 29 stack frames]]>
    </failure>
  </testcase> <!-- @BeforeMethod signintofinops -->
  <testcase classname="TestClass.BaseClass" name="@AfterMethod signoutformfinops" time="0.0">
    <skipped/>
  </testcase> <!-- @AfterMethod signoutformfinops -->
  <testcase classname="TestClass.BaseClass" name="@AfterClass closebrowser" time="0.0">
    <skipped/>
  </testcase> <!-- @AfterClass closebrowser -->
  <testcase classname="TestClass.BaseClass" name="@BeforeMethod signintofinops" time="20.39">
    <failure type="org.openqa.selenium.TimeoutException" message="Expected condition failed: waiting for visibility of element located by By.xpath: //input[@name=&amp;apos;email&amp;apos;] (tried for 20 second(s) with 500 milliseconds interval)">
      <![CDATA[org.openqa.selenium.TimeoutException: Expected condition failed: waiting for visibility of element located by By.xpath: //input[@name='email'] (tried for 20 second(s) with 500 milliseconds interval)
at org.openqa.selenium.support.ui.WebDriverWait.timeoutException(WebDriverWait.java:87)
at org.openqa.selenium.support.ui.FluentWait.until(FluentWait.java:231)
at Utilities.ReuseMethods.entertextbysendkeys(ReuseMethods.java:168)
at PageClass.SignInPage.enteremailid(SignInPage.java:17)
at TestClass.BaseClass.signintofinops(BaseClass.java:47)
Caused by: org.openqa.selenium.NoSuchWindowException: no such window: target window already closed
from unknown error: web view not found
  (Session info: chrome=126.0.6478.127)
Build info: version: '4.5.0', revision: 'fe167b119a'
System info: os.name: 'Windows 11', os.arch: 'amd64', os.version: '10.0', java.version: '22.0.1'
Driver info: org.openqa.selenium.chrome.ChromeDriver
Command: [c957b09a4f9fc34c26c0f6076a0c772a, findElement {using=xpath, value=//input[@name='email']}]
Capabilities {acceptInsecureCerts: false, browserName: chrome, browserVersion: 126.0.6478.127, chrome: {chromedriverVersion: 125.0.6422.141 (4b1e8393712..., userDataDir: C:\Users\BALKRU~1\AppData\L...}, fedcm:accounts: true, goog:chromeOptions: {debuggerAddress: localhost:63609}, networkConnectionEnabled: false, pageLoadStrategy: normal, platformName: WINDOWS, proxy: Proxy(), se:cdp: ws://localhost:63609/devtoo..., se:cdpVersion: 126.0.6478.127, setWindowRect: true, strictFileInteractability: false, timeouts: {implicit: 0, pageLoad: 300000, script: 30000}, unhandledPromptBehavior: dismiss and notify, webauthn:extension:credBlob: true, webauthn:extension:largeBlob: true, webauthn:extension:minPinLength: true, webauthn:extension:prf: true, webauthn:virtualAuthenticators: true}
Session ID: c957b09a4f9fc34c26c0f6076a0c772a
at org.openqa.selenium.remote.codec.w3c.W3CHttpResponseCodec.createException(W3CHttpResponseCodec.java:200)
at org.openqa.selenium.remote.codec.w3c.W3CHttpResponseCodec.decode(W3CHttpResponseCodec.java:133)
at org.openqa.selenium.remote.codec.w3c.W3CHttpResponseCodec.decode(W3CHttpResponseCodec.java:53)
at org.openqa.selenium.remote.HttpCommandExecutor.execute(HttpCommandExecutor.java:184)
at org.openqa.selenium.remote.service.DriverCommandExecutor.invokeExecute(DriverCommandExecutor.java:167)
at org.openqa.selenium.remote.service.DriverCommandExecutor.execute(DriverCommandExecutor.java:142)
at org.openqa.selenium.remote.RemoteWebDriver.execute(RemoteWebDriver.java:547)
at org.openqa.selenium.remote.ElementLocation$ElementFinder$2.findElement(ElementLocation.java:162)
at org.openqa.selenium.remote.ElementLocation.findElement(ElementLocation.java:60)
at org.openqa.selenium.remote.RemoteWebDriver.findElement(RemoteWebDriver.java:365)
at org.openqa.selenium.remote.RemoteWebDriver.findElement(RemoteWebDriver.java:357)
at org.openqa.selenium.support.ui.ExpectedConditions$7.apply(ExpectedConditions.java:197)
at org.openqa.selenium.support.ui.ExpectedConditions$7.apply(ExpectedConditions.java:193)
at org.openqa.selenium.support.ui.FluentWait.until(FluentWait.java:208)
... 29 more
... Removed 29 stack frames]]>
    </failure>
  </testcase> <!-- @BeforeMethod signintofinops -->
  <testcase classname="TestClass.BaseClass" name="@AfterMethod signoutformfinops" time="0.0">
    <skipped/>
  </testcase> <!-- @AfterMethod signoutformfinops -->
  <testcase classname="TestClass.BaseClass" name="@BeforeMethod signintofinops" time="0.0">
    <skipped/>
  </testcase> <!-- @BeforeMethod signintofinops -->
  <testcase classname="TestClass.BaseClass" name="@AfterMethod signoutformfinops" time="0.0">
    <skipped/>
  </testcase> <!-- @AfterMethod signoutformfinops -->
  <testcase classname="TestClass.BaseClass" name="@BeforeMethod signintofinops" time="0.0">
    <skipped/>
  </testcase> <!-- @BeforeMethod signintofinops -->
  <testcase classname="TestClass.BaseClass" name="@AfterMethod signoutformfinops" time="0.0">
    <skipped/>
  </testcase> <!-- @AfterMethod signoutformfinops -->
  <testcase classname="TestClass.BaseClass" name="@BeforeMethod signintofinops" time="0.0">
    <skipped/>
  </testcase> <!-- @BeforeMethod signintofinops -->
  <testcase classname="TestClass.BaseClass" name="@AfterMethod signoutformfinops" time="0.0">
    <skipped/>
  </testcase> <!-- @AfterMethod signoutformfinops -->
  <testcase classname="TestClass.BaseClass" name="@AfterClass closebrowser" time="0.0">
    <skipped/>
  </testcase> <!-- @AfterClass closebrowser -->
  <testcase classname="TestClass.DashboardTestClass" name="verify_the_fields_and_values_shown_in_TOTALPERIODCOST_at_First_section_of_the_page" time="0.0">
    <skipped/>
  </testcase> <!-- verify_the_fields_and_values_shown_in_TOTALPERIODCOST_at_First_section_of_the_page -->
  <testcase classname="TestClass.Idle_ResourcesTestClass" name="At_Idle_resources_page_verify_the_values_shown_at_first_section_of_the_Active_Idle_Resources_page" time="0.0">
    <skipped/>
  </testcase> <!-- At_Idle_resources_page_verify_the_values_shown_at_first_section_of_the_Active_Idle_Resources_page -->
  <testcase classname="TestClass.Idle_ResourcesTestClass" name="Verify_the_Savings_Available_values_shown_at_first_section_of_the_Active_Idle_Resources_Page" time="0.0">
    <skipped/>
  </testcase> <!-- Verify_the_Savings_Available_values_shown_at_first_section_of_the_Active_Idle_Resources_Page -->
  <testcase classname="TestClass.Idle_ResourcesTestClass" name="Verify_on_accepting_the_Idle_resource_savings_should_be_decreased" time="0.0">
    <skipped/>
  </testcase> <!-- Verify_on_accepting_the_Idle_resource_savings_should_be_decreased -->
  <testcase classname="TestClass.Idle_ResourcesTestClass" name="Verify_on_dismissing_the_Idle_resource_savings_should_be_decreased" time="0.0">
    <skipped/>
  </testcase> <!-- Verify_on_dismissing_the_Idle_resource_savings_should_be_decreased -->
</testsuite> <!-- Test(failed) -->
